e:\repos\audioproject\consoleapplication1\x64\debug\vc143.pdb
e:\repos\audioproject\consoleapplication1\x64\debug\vc143.idb
e:\repos\audioproject\consoleapplication1\x64\debug\waveformat.obj
e:\repos\audioproject\consoleapplication1\x64\debug\ui.obj
e:\repos\audioproject\consoleapplication1\x64\debug\mp3format.obj
e:\repos\audioproject\consoleapplication1\x64\debug\audioformat.obj
e:\repos\audioproject\consoleapplication1\x64\debug\smallaudioproject.ilk
e:\repos\audioproject\x64\debug\smallaudioproject.pdb
e:\repos\audioproject\consoleapplication1\x64\debug\smallaud.76ead1d5.tlog\cl.command.1.tlog
e:\repos\audioproject\consoleapplication1\x64\debug\smallaud.76ead1d5.tlog\cl.items.tlog
e:\repos\audioproject\consoleapplication1\x64\debug\smallaud.76ead1d5.tlog\cl.read.1.tlog
e:\repos\audioproject\consoleapplication1\x64\debug\smallaud.76ead1d5.tlog\cl.write.1.tlog
e:\repos\audioproject\consoleapplication1\x64\debug\smallaud.76ead1d5.tlog\link.184-cvtres.read.1.tlog
e:\repos\audioproject\consoleapplication1\x64\debug\smallaud.76ead1d5.tlog\link.184-cvtres.write.1.tlog
e:\repos\audioproject\consoleapplication1\x64\debug\smallaud.76ead1d5.tlog\link.184-rc.read.1.tlog
e:\repos\audioproject\consoleapplication1\x64\debug\smallaud.76ead1d5.tlog\link.184-rc.write.1.tlog
e:\repos\audioproject\consoleapplication1\x64\debug\smallaud.76ead1d5.tlog\link.184.read.1.tlog
e:\repos\audioproject\consoleapplication1\x64\debug\smallaud.76ead1d5.tlog\link.184.read.2.tlog
e:\repos\audioproject\consoleapplication1\x64\debug\smallaud.76ead1d5.tlog\link.184.write.1.tlog
e:\repos\audioproject\consoleapplication1\x64\debug\smallaud.76ead1d5.tlog\link.command.1.tlog
e:\repos\audioproject\consoleapplication1\x64\debug\smallaud.76ead1d5.tlog\link.read.1.tlog
e:\repos\audioproject\consoleapplication1\x64\debug\smallaud.76ead1d5.tlog\link.secondary.1.tlog
e:\repos\audioproject\consoleapplication1\x64\debug\smallaud.76ead1d5.tlog\link.write.1.tlog
